<?xml version="1.0" encoding="UTF-8"?>
<robot generator="Robot 7.4.2 (Python 3.12.1 on win32)" generated="2026-05-23T10:23:07.460938" rpa="false" schemaversion="5">
<suite id="s1" name="Web" source="C:\Users\joao.aparecido\Desktop\3-SEMESTRE_UCB\teste_software\25-05\web.robot">
<test id="s1-t1" name="Teste da apresentação da mensagem &quot;CHECKED&quot; ao clicar no primeiro checkbox" line="11">
<kw name="Open Browser" owner="SeleniumLibrary">
<msg time="2026-05-23T10:23:07.645732" level="INFO">Opening browser 'chrome' to base url 'https://www.lambdatest.com/selenium-playground/checkbox-demo'.</msg>
<arg>${URL_CHECK_BOX_DEMO}</arg>
<arg>chrome</arg>
<doc>Opens a new browser instance to the optional ``url``.</doc>
<status status="PASS" start="2026-05-23T10:23:07.645732" elapsed="1.244406"/>
</kw>
<kw name="Sleep" owner="BuiltIn">
<msg time="2026-05-23T10:23:10.890854" level="INFO">Slept 2 seconds.</msg>
<arg>2s</arg>
<doc>Pauses the test executed for the given time.</doc>
<status status="PASS" start="2026-05-23T10:23:08.890138" elapsed="2.000716"/>
</kw>
<kw name="Click Element" owner="SeleniumLibrary">
<msg time="2026-05-23T10:23:10.890854" level="INFO">Clicking element 'xpath=//input[@type='checkbox']'.</msg>
<arg>${PRIMEIRO_CHECKBOX}</arg>
<doc>Click the element identified by ``locator``.</doc>
<status status="PASS" start="2026-05-23T10:23:10.890854" elapsed="0.074129"/>
</kw>
<kw name="Element Text Should Be" owner="SeleniumLibrary">
<msg time="2026-05-23T10:23:10.964983" level="INFO">Verifying element 'xpath=//div[@id='__next']/div/main/div/section/div/div/div/p' contains exact text 'Checked!'.</msg>
<arg>${MSG_CHECKED}</arg>
<arg>Checked!</arg>
<doc>Verifies that element ``locator`` contains exact the text ``expected``.</doc>
<status status="PASS" start="2026-05-23T10:23:10.964983" elapsed="0.012837"/>
</kw>
<kw name="Sleep" owner="BuiltIn">
<msg time="2026-05-23T10:23:12.979175" level="INFO">Slept 2 seconds.</msg>
<arg>2s</arg>
<doc>Pauses the test executed for the given time.</doc>
<status status="PASS" start="2026-05-23T10:23:10.978819" elapsed="2.000356"/>
</kw>
<kw name="Close Browser" owner="SeleniumLibrary">
<doc>Closes the current browser.</doc>
<status status="PASS" start="2026-05-23T10:23:12.979175" elapsed="2.140606"/>
</kw>
<status status="PASS" start="2026-05-23T10:23:07.645732" elapsed="7.474049"/>
</test>
<test id="s1-t2" name="Teste de seleção do primeiro checkbox" line="19">
<kw name="Skip" owner="BuiltIn">
<msg time="2026-05-23T10:23:15.120322" level="SKIP">Skipped with Skip keyword.</msg>
<doc>Skips the rest of the current test.</doc>
<status status="SKIP" start="2026-05-23T10:23:15.120322" elapsed="0.000000">Skipped with Skip keyword.</status>
</kw>
<kw name="Open Browser" owner="SeleniumLibrary">
<arg>${URL_CHECK_BOX_DEMO}</arg>
<arg>chrome</arg>
<doc>Opens a new browser instance to the optional ``url``.</doc>
<status status="NOT RUN" start="2026-05-23T10:23:15.120322" elapsed="0.000000"/>
</kw>
<kw name="Sleep" owner="BuiltIn">
<arg>2s</arg>
<doc>Pauses the test executed for the given time.</doc>
<status status="NOT RUN" start="2026-05-23T10:23:15.120322" elapsed="0.000000"/>
</kw>
<kw name="Click Element" owner="SeleniumLibrary">
<arg>${PRIMEIRO_CHECKBOX}</arg>
<doc>Click the element identified by ``locator``.</doc>
<status status="NOT RUN" start="2026-05-23T10:23:15.120322" elapsed="0.000000"/>
</kw>
<kw name="Checkbox Should Be Selected" owner="SeleniumLibrary">
<arg>${PRIMEIRO_CHECKBOX}</arg>
<doc>Verifies checkbox ``locator`` is selected/checked.</doc>
<status status="NOT RUN" start="2026-05-23T10:23:15.120322" elapsed="0.000000"/>
</kw>
<kw name="Sleep" owner="BuiltIn">
<arg>2s</arg>
<doc>Pauses the test executed for the given time.</doc>
<status status="NOT RUN" start="2026-05-23T10:23:15.120322" elapsed="0.000000"/>
</kw>
<kw name="Close Browser" owner="SeleniumLibrary">
<doc>Closes the current browser.</doc>
<status status="NOT RUN" start="2026-05-23T10:23:15.120322" elapsed="0.000000"/>
</kw>
<status status="SKIP" start="2026-05-23T10:23:15.120322" elapsed="0.000000">Skipped with Skip keyword.</status>
</test>
<test id="s1-t3" name="Teste de acesso ao google.com" line="28">
<kw name="Skip" owner="BuiltIn">
<msg time="2026-05-23T10:23:15.120322" level="SKIP">Skipped with Skip keyword.</msg>
<doc>Skips the rest of the current test.</doc>
<status status="SKIP" start="2026-05-23T10:23:15.120322" elapsed="0.000000">Skipped with Skip keyword.</status>
</kw>
<kw name="Open Browser" owner="SeleniumLibrary">
<arg>https://www.google.com/</arg>
<arg>chrome</arg>
<doc>Opens a new browser instance to the optional ``url``.</doc>
<status status="NOT RUN" start="2026-05-23T10:23:15.120322" elapsed="0.000000"/>
</kw>
<kw name="Sleep" owner="BuiltIn">
<arg>2s</arg>
<doc>Pauses the test executed for the given time.</doc>
<status status="NOT RUN" start="2026-05-23T10:23:15.120322" elapsed="0.000000"/>
</kw>
<kw name="Title Should Contain">
<arg>Google</arg>
<status status="NOT RUN" start="2026-05-23T10:23:15.120322" elapsed="0.000000"/>
</kw>
<kw name="Close Browser" owner="SeleniumLibrary">
<doc>Closes the current browser.</doc>
<status status="NOT RUN" start="2026-05-23T10:23:15.120322" elapsed="0.000000"/>
</kw>
<status status="SKIP" start="2026-05-23T10:23:15.120322" elapsed="0.000000">Skipped with Skip keyword.</status>
</test>
<status status="PASS" start="2026-05-23T10:23:07.460938" elapsed="7.659384"/>
</suite>
<statistics>
<total>
<stat pass="1" fail="0" skip="2">All Tests</stat>
</total>
<tag>
</tag>
<suite>
<stat name="Web" id="s1" pass="1" fail="0" skip="2">Web</stat>
</suite>
</statistics>
<errors>
</errors>
</robot>
