<?xml version="1.0" encoding="UTF-8"?>
<robot generator="Robot 7.4.2 (Python 3.12.1 on win32)" generated="2026-05-23T08:57:27.614962" rpa="false" schemaversion="5">
<suite id="s1" name="Joao" source="C:\Users\joao.aparecido\Desktop\3-SEMESTRE_UCB\teste_software\16-05\joao.robot">
<test id="s1-t1" name="Teste de cadastro" line="9">
<kw name="Cadastra Usuario" owner="myrobot">
<msg time="2026-05-23T08:57:27.635730" level="INFO">Cadastro: 'user':'joao','senha':'UC25100843'</msg>
<arg>${nome}</arg>
<arg>${senha}</arg>
<status status="PASS" start="2026-05-23T08:57:27.635730" elapsed="0.000000"/>
</kw>
<kw name="O Nome Cadastrado Deve Ser" owner="myrobot">
<arg>${nome}</arg>
<status status="PASS" start="2026-05-23T08:57:27.635730" elapsed="0.000000"/>
</kw>
<status status="PASS" start="2026-05-23T08:57:27.635730" elapsed="0.000000"/>
</test>
<test id="s1-t2" name="Teste de login com usuario errado" line="14">
<kw name="Cadastra Usuario" owner="myrobot">
<msg time="2026-05-23T08:57:27.635730" level="INFO">Cadastro: 'user':'joao','senha':'UC25100843'</msg>
<arg>${nome}</arg>
<arg>${senha}</arg>
<status status="PASS" start="2026-05-23T08:57:27.635730" elapsed="0.000000"/>
</kw>
<kw name="O Usuario Solicita Acesso" owner="myrobot">
<arg>joao</arg>
<arg>${senha}</arg>
<status status="PASS" start="2026-05-23T08:57:27.635730" elapsed="0.000000"/>
</kw>
<kw name="O Estado Do Usuario Deve Ser" owner="myrobot">
<msg time="2026-05-23T08:57:27.635730" level="FAIL">Estado:online.Esperado:offline</msg>
<arg>offline</arg>
<status status="FAIL" start="2026-05-23T08:57:27.635730" elapsed="0.000000">Estado:online.Esperado:offline</status>
</kw>
<status status="FAIL" start="2026-05-23T08:57:27.635730" elapsed="0.000000">Estado:online.Esperado:offline</status>
</test>
<test id="s1-t3" name="Teste de login com senha errada" line="19">
<kw name="Cadastra Usuario" owner="myrobot">
<msg time="2026-05-23T08:57:27.635730" level="INFO">Cadastro: 'user':'joao','senha':'UC25100843'</msg>
<arg>${nome}</arg>
<arg>${senha}</arg>
<status status="PASS" start="2026-05-23T08:57:27.635730" elapsed="0.000000"/>
</kw>
<kw name="O Usuario Solicita Acesso" owner="myrobot">
<arg>${nome}</arg>
<arg>abcd</arg>
<status status="PASS" start="2026-05-23T08:57:27.635730" elapsed="0.000000"/>
</kw>
<kw name="O Estado Do Usuario Deve Ser" owner="myrobot">
<arg>offline</arg>
<status status="PASS" start="2026-05-23T08:57:27.635730" elapsed="0.000000"/>
</kw>
<status status="PASS" start="2026-05-23T08:57:27.635730" elapsed="0.000000"/>
</test>
<test id="s1-t4" name="Teste de login com usuario e senha errados" line="24">
<kw name="Cadastra Usuario" owner="myrobot">
<msg time="2026-05-23T08:57:27.635730" level="INFO">Cadastro: 'user':'joao','senha':'UC25100843'</msg>
<arg>${nome}</arg>
<arg>${senha}</arg>
<status status="PASS" start="2026-05-23T08:57:27.635730" elapsed="0.000000"/>
</kw>
<kw name="O Usuario Solicita Acesso" owner="myrobot">
<arg>joao</arg>
<arg>UC25100843</arg>
<status status="PASS" start="2026-05-23T08:57:27.635730" elapsed="0.000000"/>
</kw>
<kw name="O Estado Do Usuario Deve Ser" owner="myrobot">
<msg time="2026-05-23T08:57:27.635730" level="FAIL">Estado:online.Esperado:offline</msg>
<arg>offline</arg>
<status status="FAIL" start="2026-05-23T08:57:27.635730" elapsed="0.000000">Estado:online.Esperado:offline</status>
</kw>
<status status="FAIL" start="2026-05-23T08:57:27.635730" elapsed="0.000000">Estado:online.Esperado:offline</status>
</test>
<test id="s1-t5" name="Teste de login com credenciais corretas" line="30">
<kw name="Dado que o usuario esta logado">
<kw name="Cadastra Usuario" owner="myrobot">
<msg time="2026-05-23T08:57:27.641293" level="INFO">Cadastro: 'user':'joao','senha':'UC25100843'</msg>
<arg>${nome_cadastro}</arg>
<arg>${senha_cadastro}</arg>
<status status="PASS" start="2026-05-23T08:57:27.641293" elapsed="0.000000"/>
</kw>
<kw name="O Usuario Solicita Acesso" owner="myrobot">
<arg>${nome_cadastro}</arg>
<arg>${senha_cadastro}</arg>
<status status="PASS" start="2026-05-23T08:57:27.641293" elapsed="0.000757"/>
</kw>
<arg>${nome}</arg>
<arg>${senha}</arg>
<status status="PASS" start="2026-05-23T08:57:27.641293" elapsed="0.000757"/>
</kw>
<kw name="O Estado Do Usuario Deve Ser" owner="myrobot">
<arg>online</arg>
<status status="PASS" start="2026-05-23T08:57:27.642050" elapsed="0.001006"/>
</kw>
<status status="PASS" start="2026-05-23T08:57:27.635730" elapsed="0.007326"/>
</test>
<test id="s1-t6" name="Teste de loout" line="34">
<kw name="Dado que o usuario esta logado">
<kw name="Cadastra Usuario" owner="myrobot">
<msg time="2026-05-23T08:57:27.645230" level="INFO">Cadastro: 'user':'joao','senha':'UC25100843'</msg>
<arg>${nome_cadastro}</arg>
<arg>${senha_cadastro}</arg>
<status status="PASS" start="2026-05-23T08:57:27.645230" elapsed="0.000000"/>
</kw>
<kw name="O Usuario Solicita Acesso" owner="myrobot">
<arg>${nome_cadastro}</arg>
<arg>${senha_cadastro}</arg>
<status status="PASS" start="2026-05-23T08:57:27.645230" elapsed="0.000000"/>
</kw>
<arg>${nome}</arg>
<arg>${senha}</arg>
<status status="PASS" start="2026-05-23T08:57:27.645230" elapsed="0.000000"/>
</kw>
<kw name="O Usuario Encerra O Acesso" owner="myrobot">
<status status="PASS" start="2026-05-23T08:57:27.645230" elapsed="0.000000"/>
</kw>
<kw name="O Estado Do Usuario Deve Ser" owner="myrobot">
<arg>offline</arg>
<status status="PASS" start="2026-05-23T08:57:27.645230" elapsed="0.000000"/>
</kw>
<status status="PASS" start="2026-05-23T08:57:27.645230" elapsed="0.001005"/>
</test>
<status status="FAIL" start="2026-05-23T08:57:27.614962" elapsed="0.031273"/>
</suite>
<statistics>
<total>
<stat pass="4" fail="2" skip="0">All Tests</stat>
</total>
<tag>
</tag>
<suite>
<stat name="Joao" id="s1" pass="4" fail="2" skip="0">Joao</stat>
</suite>
</statistics>
<errors>
</errors>
</robot>
